<?xml version="1.0" encoding="UTF-8"?>
<!-- Generated by org.testng.reporters.JUnitReportReporter -->
<testsuite hostname="LAPTOP-L6KKNLH2" failures="0" tests="1" name="testCases.TC002_LoginTest" time="1.893" errors="0" timestamp="2024-11-16T09:48:53 IST" skipped="0">
  <testcase classname="testCases.TC002_LoginTest" name="verify" time="1.893"/>
  <system-out/>
</testsuite> <!-- testCases.TC002_LoginTest -->
