<?xml version="1.0" encoding="UTF-8"?>
<!-- Generated by org.testng.reporters.JUnitReportReporter -->
<testsuite hostname="LAPTOP-L6KKNLH2" failures="0" tests="1" name="testCases.TC001_AccountRegistationTest" time="4.426" errors="0" timestamp="2024-11-16T09:48:53 IST" skipped="0">
  <testcase classname="testCases.TC001_AccountRegistationTest" name="verify_account_registration" time="4.426"/>
  <system-out/>
</testsuite> <!-- testCases.TC001_AccountRegistationTest -->
