<?xml version="1.0" encoding="UTF-8"?>
<!-- Generated by org.testng.reporters.JUnitReportReporter -->
<testsuite hostname="LAPTOP-L6KKNLH2" failures="0" tests="5" name="testCases.TC_003_LoginDDT" time="34.859" errors="0" timestamp="2024-11-15T09:55:32 IST" skipped="0">
  <testcase classname="testCases.TC_003_LoginDDT" name="verify_loginDDT" time="10.750"/>
  <testcase classname="testCases.TC_003_LoginDDT" name="verify_loginDDT" time="10.806"/>
  <testcase classname="testCases.TC_003_LoginDDT" name="verify_loginDDT" time="1.050"/>
  <testcase classname="testCases.TC_003_LoginDDT" name="verify_loginDDT" time="1.524"/>
  <testcase classname="testCases.TC_003_LoginDDT" name="verify_loginDDT" time="10.729"/>
</testsuite> <!-- testCases.TC_003_LoginDDT -->
