<?xml version="1.0" encoding="UTF-8"?>
<!-- Generated by org.testng.reporters.JUnitReportReporter -->
<testsuite hostname="LAPTOP-L6KKNLH2" failures="0" tests="1" name="testCases.TC002_LoginTest" time="1.812" errors="0" timestamp="2024-11-16T10:12:57 IST" skipped="0">
  <testcase classname="testCases.TC002_LoginTest" name="verify" time="1.812"/>
</testsuite> <!-- testCases.TC002_LoginTest -->
